<?xml version="1.0" encoding="UTF-8"?>
<testExecutions version="1">
    <file path="/Users/pankaj/selfprojects/sonarqubedemo/src/test/index.test.js">
        <testCase name="Get Endpoints Get" duration="27"/>
    </file>
</testExecutions>